STAGE_START run_baseline config=configs/exp_dynamic_range_no_oracle_quick.yaml
Baseline PV=0.5: success_rate=1.00
Baseline PV=1.5: success_rate=1.00
Baseline PV=2.5: success_rate=0.80
Baseline PV=3.5: success_rate=0.00
Baseline PV=4.5: success_rate=0.00
Baseline PV=5.5: success_rate=0.00
Baseline PV=6.5: success_rate=0.00
Baseline PV=7.5: success_rate=0.00
Baseline PV=8.5: success_rate=0.00
Baseline PV=9.5: success_rate=0.00
Baseline PV=10.5: success_rate=0.00
Baseline PV=11.5: success_rate=0.00
SOLVER=baseline rows=60 out=outputs/tables/dynamic_range_no_oracle_quick_baseline_results.csv
STAGE_DONE run_baseline config=configs/exp_dynamic_range_no_oracle_quick.yaml
STAGE_START run_asm config=configs/exp_dynamic_range_no_oracle_quick.yaml
[1/60] PV=0.5 seed=20260210 OK rmse=0.0127 39.5s (ETA 38.8min)
[2/60] PV=0.5 seed=20260211 OK rmse=0.0378 36.1s (ETA 36.6min)
[3/60] PV=0.5 seed=20260212 OK rmse=0.0203 37.5s (ETA 35.8min)
[4/60] PV=0.5 seed=20260213 OK rmse=0.0239 37.2s (ETA 35.1min)
[5/60] PV=0.5 seed=20260214 OK rmse=0.0405 35.1s (ETA 34.0min)
Terminated
