STAGE_START no_oracle_quick_dynamic
STAGE_START run_baseline config=configs/exp_dynamic_range_no_oracle_quick.yaml
Baseline PV=0.5: success_rate=1.00
Baseline PV=1.5: success_rate=1.00
Baseline PV=2.5: success_rate=0.80
Baseline PV=3.5: success_rate=0.00
Baseline PV=4.5: success_rate=0.00
Baseline PV=5.5: success_rate=0.00
Baseline PV=6.5: success_rate=0.00
Baseline PV=7.5: success_rate=0.00
Baseline PV=8.5: success_rate=0.00
Baseline PV=9.5: success_rate=0.00
Baseline PV=10.5: success_rate=0.00
Baseline PV=11.5: success_rate=0.00
SOLVER=baseline rows=60 out=outputs/tables/dynamic_range_no_oracle_quick_baseline_results.csv
STAGE_DONE run_baseline config=configs/exp_dynamic_range_no_oracle_quick.yaml
STAGE_START run_asm config=configs/exp_dynamic_range_no_oracle_quick.yaml
[1/60] PV=0.5 seed=20260210 OK rmse=0.0223 9.4s (ETA 9.2min)
[2/60] PV=0.5 seed=20260211 OK rmse=0.0256 6.0s (ETA 7.4min)
[3/60] PV=0.5 seed=20260212 OK rmse=0.0263 5.9s (ETA 6.7min)
[4/60] PV=0.5 seed=20260213 OK rmse=0.0281 5.5s (ETA 6.2min)
[5/60] PV=0.5 seed=20260214 OK rmse=0.0192 5.0s (ETA 5.8min)
[6/60] PV=1.5 seed=20260210 OK rmse=0.0720 3.1s (ETA 5.2min)
[7/60] PV=1.5 seed=20260211 OK rmse=0.0840 4.4s (ETA 4.9min)
[8/60] PV=1.5 seed=20260212 OK rmse=0.0696 4.0s (ETA 4.7min)
[9/60] PV=1.5 seed=20260213 OK rmse=0.0858 5.3s (ETA 4.6min)
[10/60] PV=1.5 seed=20260214 OK rmse=0.0761 4.2s (ETA 4.4min)
[11/60] PV=2.5 seed=20260210 OK rmse=0.1234 4.8s (ETA 4.3min)
[12/60] PV=2.5 seed=20260211 OK rmse=0.1373 4.0s (ETA 4.1min)
[13/60] PV=2.5 seed=20260212 OK rmse=0.1253 4.7s (ETA 4.0min)
[14/60] PV=2.5 seed=20260213 OK rmse=0.1407 5.5s (ETA 3.9min)
[15/60] PV=2.5 seed=20260214 OK rmse=0.1366 5.4s (ETA 3.9min)
[16/60] PV=3.5 seed=20260210 FAIL rmse=0.2077 5.4s (ETA 3.8min)
[17/60] PV=3.5 seed=20260211 FAIL rmse=0.1980 1.0s (ETA 3.5min)
[18/60] PV=3.5 seed=20260212 FAIL rmse=0.1754 3.8s (ETA 3.4min)
[19/60] PV=3.5 seed=20260213 FAIL rmse=0.1707 5.6s (ETA 3.3min)
[20/60] PV=3.5 seed=20260214 FAIL rmse=0.1838 1.3s (ETA 3.1min)
[21/60] PV=4.5 seed=20260210 FAIL rmse=0.2665 5.3s (ETA 3.1min)
[22/60] PV=4.5 seed=20260211 FAIL rmse=0.2599 0.8s (ETA 2.9min)
[23/60] PV=4.5 seed=20260212 FAIL rmse=0.2288 3.1s (ETA 2.8min)
[24/60] PV=4.5 seed=20260213 FAIL rmse=0.2356 5.3s (ETA 2.7min)
[25/60] PV=4.5 seed=20260214 FAIL rmse=0.2185 1.0s (ETA 2.6min)
[26/60] PV=5.5 seed=20260210 FAIL rmse=0.2689 1.3s (ETA 2.4min)
[27/60] PV=5.5 seed=20260211 FAIL rmse=0.3206 0.7s (ETA 2.3min)
[28/60] PV=5.5 seed=20260212 FAIL rmse=0.2768 3.0s (ETA 2.2min)
[29/60] PV=5.5 seed=20260213 FAIL rmse=0.3006 3.5s (ETA 2.1min)
[30/60] PV=5.5 seed=20260214 FAIL rmse=0.2672 0.9s (ETA 2.0min)
[31/60] PV=6.5 seed=20260210 FAIL rmse=0.3223 1.1s (ETA 1.9min)
[32/60] PV=6.5 seed=20260211 FAIL rmse=0.3901 0.6s (ETA 1.8min)
[33/60] PV=6.5 seed=20260212 FAIL rmse=0.3610 1.3s (ETA 1.7min)
[34/60] PV=6.5 seed=20260213 FAIL rmse=0.3546 2.1s (ETA 1.6min)
[35/60] PV=6.5 seed=20260214 FAIL rmse=0.3075 0.7s (ETA 1.5min)
[36/60] PV=7.5 seed=20260210 FAIL rmse=0.3736 1.0s (ETA 1.4min)
[37/60] PV=7.5 seed=20260211 FAIL rmse=0.4435 0.8s (ETA 1.3min)
[38/60] PV=7.5 seed=20260212 FAIL rmse=0.3777 1.4s (ETA 1.2min)
[39/60] PV=7.5 seed=20260213 FAIL rmse=0.4178 1.5s (ETA 1.2min)
[40/60] PV=7.5 seed=20260214 FAIL rmse=0.3500 1.0s (ETA 1.1min)
[41/60] PV=8.5 seed=20260210 FAIL rmse=0.4262 1.2s (ETA 1.0min)
[42/60] PV=8.5 seed=20260211 FAIL rmse=0.5042 0.5s (ETA 0.9min)
[43/60] PV=8.5 seed=20260212 FAIL rmse=0.4732 0.9s (ETA 0.9min)
[44/60] PV=8.5 seed=20260213 FAIL rmse=0.4832 0.8s (ETA 0.8min)
[45/60] PV=8.5 seed=20260214 FAIL rmse=0.3856 0.6s (ETA 0.7min)
[46/60] PV=9.5 seed=20260210 FAIL rmse=0.4813 0.7s (ETA 0.7min)
[47/60] PV=9.5 seed=20260211 FAIL rmse=0.5791 0.4s (ETA 0.6min)
[48/60] PV=9.5 seed=20260212 FAIL rmse=0.5163 0.7s (ETA 0.6min)
[49/60] PV=9.5 seed=20260213 FAIL rmse=0.5402 0.7s (ETA 0.5min)
[50/60] PV=9.5 seed=20260214 FAIL rmse=0.4574 0.5s (ETA 0.5min)
[51/60] PV=10.5 seed=20260210 FAIL rmse=0.5402 0.7s (ETA 0.4min)
[52/60] PV=10.5 seed=20260211 FAIL rmse=0.6285 0.6s (ETA 0.4min)
[53/60] PV=10.5 seed=20260212 FAIL rmse=0.5284 0.6s (ETA 0.3min)
[54/60] PV=10.5 seed=20260213 FAIL rmse=0.5981 0.9s (ETA 0.3min)
[55/60] PV=10.5 seed=20260214 FAIL rmse=0.5094 0.6s (ETA 0.2min)
[56/60] PV=11.5 seed=20260210 FAIL rmse=0.6810 0.6s (ETA 0.2min)
[57/60] PV=11.5 seed=20260211 FAIL rmse=0.6876 0.4s (ETA 0.1min)
[58/60] PV=11.5 seed=20260212 FAIL rmse=0.5852 0.7s (ETA 0.1min)
[59/60] PV=11.5 seed=20260213 FAIL rmse=0.6576 0.8s (ETA 0.0min)
[60/60] PV=11.5 seed=20260214 FAIL rmse=0.5639 0.6s (ETA 0.0min)

--- Per-PV Summary ---
ASM PV=0.5: sr=1.00, mean_rmse=0.0243
ASM PV=1.5: sr=1.00, mean_rmse=0.0775
ASM PV=2.5: sr=1.00, mean_rmse=0.1327
ASM PV=3.5: sr=0.00, mean_rmse=nan
ASM PV=4.5: sr=0.00, mean_rmse=nan
ASM PV=5.5: sr=0.00, mean_rmse=nan
ASM PV=6.5: sr=0.00, mean_rmse=nan
ASM PV=7.5: sr=0.00, mean_rmse=nan
ASM PV=8.5: sr=0.00, mean_rmse=nan
ASM PV=9.5: sr=0.00, mean_rmse=nan
ASM PV=10.5: sr=0.00, mean_rmse=nan
ASM PV=11.5: sr=0.00, mean_rmse=nan

SOLVER=asm rows=60 out=outputs/tables/dynamic_range_no_oracle_quick_asm_results.csv
STAGE_DONE run_asm config=configs/exp_dynamic_range_no_oracle_quick.yaml
============================================================
DYNAMIC RANGE EVALUATION
============================================================
Baseline DR:  1.5 waves (PV)
ASM DR:       2.5 waves (PV)
Range Gain:   1.7x
Target:       >= 14.0x
Result:       FAIL
============================================================

Per-PV breakdown:
    PV    BL_SR   ASM_SR    BL_RMSE   ASM_RMSE
--------------------------------------------------
   0.5     1.00     1.00     0.0307     0.0243
   1.5     1.00     1.00     0.0811     0.0775
   2.5     0.80     1.00     0.1319     0.1327
   3.5     0.00     0.00        nan        nan
   4.5     0.00     0.00        nan        nan
   5.5     0.00     0.00        nan        nan
   6.5     0.00     0.00        nan        nan
   7.5     0.00     0.00        nan        nan
   8.5     0.00     0.00        nan        nan
   9.5     0.00     0.00        nan        nan
  10.5     0.00     0.00        nan        nan
  11.5     0.00     0.00        nan        nan

Summary saved to outputs/tables/summary_metrics.csv
STAGE_DONE no_oracle_quick_dynamic
STAGE_START no_oracle_quick_missing
STAGE_START run_baseline config=configs/exp_missing_spot_no_oracle_quick.yaml
Baseline PV=2.0 MR=0.0: sr=1.00
Baseline PV=2.0 MR=0.1: sr=1.00
Baseline PV=2.0 MR=0.3: sr=1.00
Baseline PV=2.0 MR=0.5: sr=0.80
Baseline PV=5.0 MR=0.0: sr=0.00
Baseline PV=5.0 MR=0.1: sr=0.00
Baseline PV=5.0 MR=0.3: sr=0.00
Baseline PV=5.0 MR=0.5: sr=0.00
Baseline PV=8.0 MR=0.0: sr=0.00
Baseline PV=8.0 MR=0.1: sr=0.00
Baseline PV=8.0 MR=0.3: sr=0.00
Baseline PV=8.0 MR=0.5: sr=0.00
Baseline PV=10.0 MR=0.0: sr=0.00
Baseline PV=10.0 MR=0.1: sr=0.00
Baseline PV=10.0 MR=0.3: sr=0.00
Baseline PV=10.0 MR=0.5: sr=0.00
SOLVER=baseline rows=80 out=outputs/tables/missing_spot_no_oracle_quick_baseline_results.csv
STAGE_DONE run_baseline config=configs/exp_missing_spot_no_oracle_quick.yaml
STAGE_START run_asm config=configs/exp_missing_spot_no_oracle_quick.yaml
[1/80] PV=2.0 seed=20260210 OK rmse=0.0981 10.9s (ETA 14.3min)
[2/80] PV=2.0 seed=20260211 OK rmse=0.1087 4.4s (ETA 9.9min)
[3/80] PV=2.0 seed=20260212 OK rmse=0.0944 3.5s (ETA 8.1min)
[4/80] PV=2.0 seed=20260213 OK rmse=0.1123 3.3s (ETA 7.0min)
[5/80] PV=2.0 seed=20260214 OK rmse=0.1046 4.5s (ETA 6.6min)
[6/80] PV=2.0 seed=20260210 OK rmse=0.0983 5.4s (ETA 6.6min)
[7/80] PV=2.0 seed=20260211 OK rmse=0.1129 4.4s (ETA 6.3min)
[8/80] PV=2.0 seed=20260212 OK rmse=0.0949 3.3s (ETA 6.0min)
[9/80] PV=2.0 seed=20260213 OK rmse=0.1124 3.1s (ETA 5.6min)
[10/80] PV=2.0 seed=20260214 OK rmse=0.1051 4.3s (ETA 5.5min)
[11/80] PV=2.0 seed=20260210 OK rmse=0.0981 4.2s (ETA 5.4min)
[12/80] PV=2.0 seed=20260211 OK rmse=0.1077 1.3s (ETA 5.0min)
[13/80] PV=2.0 seed=20260212 OK rmse=0.0945 3.9s (ETA 4.9min)
[14/80] PV=2.0 seed=20260213 OK rmse=0.1137 2.5s (ETA 4.6min)
[15/80] PV=2.0 seed=20260214 OK rmse=0.1083 3.9s (ETA 4.5min)
[16/80] PV=2.0 seed=20260210 OK rmse=0.0993 2.3s (ETA 4.3min)
[17/80] PV=2.0 seed=20260211 OK rmse=0.1128 0.9s (ETA 4.1min)
[18/80] PV=2.0 seed=20260212 OK rmse=0.0946 2.6s (ETA 3.9min)
[19/80] PV=2.0 seed=20260213 OK rmse=0.1124 2.3s (ETA 3.8min)
[20/80] PV=2.0 seed=20260214 OK rmse=0.1043 3.4s (ETA 3.7min)
[21/80] PV=5.0 seed=20260210 FAIL rmse=0.2472 4.5s (ETA 3.7min)
[22/80] PV=5.0 seed=20260211 FAIL rmse=0.2944 0.7s (ETA 3.5min)
[23/80] PV=5.0 seed=20260212 FAIL rmse=0.2586 3.1s (ETA 3.4min)
[24/80] PV=5.0 seed=20260213 FAIL rmse=0.2813 3.8s (ETA 3.4min)
[25/80] PV=5.0 seed=20260214 FAIL rmse=0.2286 0.9s (ETA 3.2min)
[26/80] PV=5.0 seed=20260210 FAIL rmse=0.2462 1.7s (ETA 3.1min)
[27/80] PV=5.0 seed=20260211 FAIL rmse=0.2912 0.7s (ETA 2.9min)
[28/80] PV=5.0 seed=20260212 FAIL rmse=0.2562 2.8s (ETA 2.9min)
[29/80] PV=5.0 seed=20260213 FAIL rmse=0.2813 2.8s (ETA 2.8min)
[30/80] PV=5.0 seed=20260214 FAIL rmse=0.2312 1.1s (ETA 2.7min)
[31/80] PV=5.0 seed=20260210 FAIL rmse=0.2443 1.2s (ETA 2.6min)
[32/80] PV=5.0 seed=20260211 FAIL rmse=0.2987 1.0s (ETA 2.5min)
[33/80] PV=5.0 seed=20260212 FAIL rmse=0.2577 2.3s (ETA 2.4min)
[34/80] PV=5.0 seed=20260213 FAIL rmse=0.2814 1.9s (ETA 2.3min)
[35/80] PV=5.0 seed=20260214 FAIL rmse=0.2282 0.8s (ETA 2.2min)
[36/80] PV=5.0 seed=20260210 FAIL rmse=0.2451 1.0s (ETA 2.1min)
[37/80] PV=5.0 seed=20260211 FAIL rmse=0.2789 0.6s (ETA 2.0min)
[38/80] PV=5.0 seed=20260212 FAIL rmse=0.2582 2.0s (ETA 2.0min)
[39/80] PV=5.0 seed=20260213 FAIL rmse=0.2742 1.6s (ETA 1.9min)
[40/80] PV=5.0 seed=20260214 FAIL rmse=0.2326 0.8s (ETA 1.8min)
[41/80] PV=8.0 seed=20260210 FAIL rmse=0.4731 1.0s (ETA 1.8min)
[42/80] PV=8.0 seed=20260211 FAIL rmse=0.4762 0.5s (ETA 1.7min)
[43/80] PV=8.0 seed=20260212 FAIL rmse=0.4564 1.0s (ETA 1.6min)
[44/80] PV=8.0 seed=20260213 FAIL rmse=0.4548 0.9s (ETA 1.5min)
[45/80] PV=8.0 seed=20260214 FAIL rmse=0.3703 0.6s (ETA 1.5min)
[46/80] PV=8.0 seed=20260210 FAIL rmse=0.3962 0.8s (ETA 1.4min)
[47/80] PV=8.0 seed=20260211 FAIL rmse=0.4879 0.4s (ETA 1.3min)
[48/80] PV=8.0 seed=20260212 FAIL rmse=0.4623 0.9s (ETA 1.3min)
[49/80] PV=8.0 seed=20260213 FAIL rmse=0.4476 0.8s (ETA 1.2min)
[50/80] PV=8.0 seed=20260214 FAIL rmse=0.3847 0.6s (ETA 1.2min)
[51/80] PV=8.0 seed=20260210 FAIL rmse=0.4073 0.8s (ETA 1.1min)
[52/80] PV=8.0 seed=20260211 FAIL rmse=0.4757 0.5s (ETA 1.1min)
[53/80] PV=8.0 seed=20260212 FAIL rmse=0.4562 0.8s (ETA 1.0min)
[54/80] PV=8.0 seed=20260213 FAIL rmse=0.4549 0.8s (ETA 1.0min)
[55/80] PV=8.0 seed=20260214 FAIL rmse=0.3679 0.6s (ETA 0.9min)
[56/80] PV=8.0 seed=20260210 FAIL rmse=0.4063 0.7s (ETA 0.9min)
[57/80] PV=8.0 seed=20260211 FAIL rmse=0.4698 0.4s (ETA 0.8min)
[58/80] PV=8.0 seed=20260212 FAIL rmse=0.4615 0.8s (ETA 0.8min)
[59/80] PV=8.0 seed=20260213 FAIL rmse=0.4555 0.6s (ETA 0.7min)
[60/80] PV=8.0 seed=20260214 FAIL rmse=0.3882 0.6s (ETA 0.7min)
[61/80] PV=10.0 seed=20260210 FAIL rmse=0.5190 0.7s (ETA 0.6min)
[62/80] PV=10.0 seed=20260211 FAIL rmse=0.6013 0.5s (ETA 0.6min)
[63/80] PV=10.0 seed=20260212 FAIL rmse=0.5298 0.7s (ETA 0.6min)
[64/80] PV=10.0 seed=20260213 FAIL rmse=0.5786 0.7s (ETA 0.5min)
[65/80] PV=10.0 seed=20260214 FAIL rmse=0.4774 0.6s (ETA 0.5min)
[66/80] PV=10.0 seed=20260210 FAIL rmse=0.5925 0.7s (ETA 0.5min)
[67/80] PV=10.0 seed=20260211 FAIL rmse=0.6093 0.5s (ETA 0.4min)
[68/80] PV=10.0 seed=20260212 FAIL rmse=0.5368 0.6s (ETA 0.4min)
[69/80] PV=10.0 seed=20260213 FAIL rmse=0.5896 0.9s (ETA 0.3min)
[70/80] PV=10.0 seed=20260214 FAIL rmse=0.4742 0.7s (ETA 0.3min)
[71/80] PV=10.0 seed=20260210 FAIL rmse=0.5918 0.9s (ETA 0.3min)
[72/80] PV=10.0 seed=20260211 FAIL rmse=0.6010 0.8s (ETA 0.2min)
[73/80] PV=10.0 seed=20260212 FAIL rmse=0.5034 0.8s (ETA 0.2min)
[74/80] PV=10.0 seed=20260213 FAIL rmse=0.5868 0.6s (ETA 0.2min)
[75/80] PV=10.0 seed=20260214 FAIL rmse=0.4749 0.5s (ETA 0.1min)
[76/80] PV=10.0 seed=20260210 FAIL rmse=0.5099 0.5s (ETA 0.1min)
[77/80] PV=10.0 seed=20260211 FAIL rmse=0.6095 0.4s (ETA 0.1min)
[78/80] PV=10.0 seed=20260212 FAIL rmse=0.5557 0.6s (ETA 0.1min)
[79/80] PV=10.0 seed=20260213 FAIL rmse=0.5781 0.6s (ETA 0.0min)
[80/80] PV=10.0 seed=20260214 FAIL rmse=0.4749 0.5s (ETA 0.0min)

--- Per-PV Summary ---
ASM PV=2.0: sr=1.00, mean_rmse=0.1044
ASM PV=5.0: sr=0.00, mean_rmse=nan
ASM PV=8.0: sr=0.00, mean_rmse=nan
ASM PV=10.0: sr=0.00, mean_rmse=nan

SOLVER=asm rows=80 out=outputs/tables/missing_spot_no_oracle_quick_asm_results.csv
STAGE_DONE run_asm config=configs/exp_missing_spot_no_oracle_quick.yaml
saved outputs/tables/missing_spot_no_oracle_quick_summary_by_ratio.csv
STAGE_DONE no_oracle_quick_missing
STAGE_START no_oracle_quick_param
STAGE_START run_baseline config=configs/exp_param_scan_no_oracle_quick.yaml
Baseline pitch=100um focal=3.0mm: dr=1.5, sr=0.83, rmse=0.0462
Baseline pitch=100um focal=5.0mm: dr=1.5, sr=0.83, rmse=0.0625
Baseline pitch=100um focal=8.0mm: dr=1.5, sr=0.83, rmse=0.0747
Baseline pitch=150um focal=3.0mm: dr=2.5, sr=0.75, rmse=0.0777
Baseline pitch=150um focal=5.0mm: dr=1.5, sr=0.83, rmse=0.0694
Baseline pitch=150um focal=8.0mm: dr=1.5, sr=0.83, rmse=0.0769
Baseline pitch=250um focal=3.0mm: dr=1.5, sr=0.83, rmse=0.0654
Baseline pitch=250um focal=5.0mm: dr=1.5, sr=0.83, rmse=0.0736
Baseline pitch=250um focal=8.0mm: dr=0.5, sr=0.75, rmse=0.0482
Baseline pitch=300um focal=3.0mm: dr=1.5, sr=0.83, rmse=0.0670
Baseline pitch=300um focal=5.0mm: dr=0.5, sr=0.75, rmse=0.0423
Baseline pitch=300um focal=8.0mm: dr=2.5, sr=0.75, rmse=0.0910
SOLVER=baseline rows=72 out=outputs/tables/param_scan_no_oracle_quick_baseline_results.csv
STAGE_DONE run_baseline config=configs/exp_param_scan_no_oracle_quick.yaml
STAGE_START run_asm config=configs/exp_param_scan_no_oracle_quick.yaml
[param_scan] pitch=100 focal=3.0 PV=0.5 seed=20260210 FAIL rmse=1.3901 28.6s
[param_scan] pitch=100 focal=3.0 PV=0.5 seed=20260211 FAIL rmse=1.4091 27.0s
[param_scan] pitch=100 focal=5.0 PV=0.5 seed=20260210 OK rmse=0.0258 30.4s
[param_scan] pitch=100 focal=5.0 PV=0.5 seed=20260211 OK rmse=0.0264 28.5s
[param_scan] pitch=100 focal=5.0 PV=1.5 seed=20260210 OK rmse=0.0717 28.8s
[param_scan] pitch=100 focal=5.0 PV=1.5 seed=20260211 FAIL rmse=0.9875 24.0s
[param_scan] pitch=100 focal=8.0 PV=0.5 seed=20260210 OK rmse=0.0294 31.3s
[param_scan] pitch=100 focal=8.0 PV=0.5 seed=20260211 OK rmse=0.0293 22.7s
[param_scan] pitch=100 focal=8.0 PV=1.5 seed=20260210 OK rmse=0.0884 26.9s
[param_scan] pitch=100 focal=8.0 PV=1.5 seed=20260211 OK rmse=0.0826 21.6s
[param_scan] pitch=100 focal=8.0 PV=2.5 seed=20260210 OK rmse=0.1229 22.0s
[param_scan] pitch=100 focal=8.0 PV=2.5 seed=20260211 OK rmse=0.1453 21.7s
[param_scan] pitch=100 focal=8.0 PV=3.5 seed=20260210 FAIL rmse=0.1720 21.2s
[param_scan] pitch=100 focal=8.0 PV=3.5 seed=20260211 FAIL rmse=0.2015 16.5s
[param_scan] pitch=150 focal=3.0 PV=0.5 seed=20260210 FAIL rmse=1.3835 8.2s
[param_scan] pitch=150 focal=3.0 PV=0.5 seed=20260211 FAIL rmse=1.0080 6.0s
[param_scan] pitch=150 focal=5.0 PV=0.5 seed=20260210 OK rmse=0.0230 7.7s
[param_scan] pitch=150 focal=5.0 PV=0.5 seed=20260211 OK rmse=0.0257 6.0s
[param_scan] pitch=150 focal=5.0 PV=1.5 seed=20260210 OK rmse=0.0721 2.9s
[param_scan] pitch=150 focal=5.0 PV=1.5 seed=20260211 OK rmse=0.0822 5.2s
[param_scan] pitch=150 focal=5.0 PV=2.5 seed=20260210 OK rmse=0.1220 5.7s
[param_scan] pitch=150 focal=5.0 PV=2.5 seed=20260211 OK rmse=0.1378 4.8s
[param_scan] pitch=150 focal=5.0 PV=3.5 seed=20260210 FAIL rmse=0.2067 5.6s
[param_scan] pitch=150 focal=5.0 PV=3.5 seed=20260211 FAIL rmse=0.1990 1.0s
[param_scan] pitch=150 focal=8.0 PV=0.5 seed=20260210 OK rmse=0.0291 6.6s
[param_scan] pitch=150 focal=8.0 PV=0.5 seed=20260211 OK rmse=0.0300 5.9s
[param_scan] pitch=150 focal=8.0 PV=1.5 seed=20260210 OK rmse=0.0736 5.8s
[param_scan] pitch=150 focal=8.0 PV=1.5 seed=20260211 OK rmse=0.0816 4.3s
[param_scan] pitch=150 focal=8.0 PV=2.5 seed=20260210 OK rmse=0.1220 5.4s
[param_scan] pitch=150 focal=8.0 PV=2.5 seed=20260211 OK rmse=0.1481 1.0s
[param_scan] pitch=150 focal=8.0 PV=3.5 seed=20260210 FAIL rmse=0.1719 5.1s
[param_scan] pitch=150 focal=8.0 PV=3.5 seed=20260211 FAIL rmse=0.2134 0.8s
[param_scan] pitch=250 focal=3.0 PV=0.5 seed=20260210 OK rmse=0.0611 2.2s
[param_scan] pitch=250 focal=3.0 PV=0.5 seed=20260211 OK rmse=0.0633 1.7s
[param_scan] pitch=250 focal=3.0 PV=1.5 seed=20260210 OK rmse=0.0710 1.1s
[param_scan] pitch=250 focal=3.0 PV=1.5 seed=20260211 FAIL rmse=0.9897 1.1s
[param_scan] pitch=250 focal=5.0 PV=0.5 seed=20260210 OK rmse=0.0383 2.2s
[param_scan] pitch=250 focal=5.0 PV=0.5 seed=20260211 OK rmse=0.0507 1.7s
[param_scan] pitch=250 focal=5.0 PV=1.5 seed=20260210 OK rmse=0.0661 0.7s
[param_scan] pitch=250 focal=5.0 PV=1.5 seed=20260211 OK rmse=0.0852 0.9s
[param_scan] pitch=250 focal=5.0 PV=2.5 seed=20260210 OK rmse=0.1188 1.1s
[param_scan] pitch=250 focal=5.0 PV=2.5 seed=20260211 OK rmse=0.1319 0.4s
[param_scan] pitch=250 focal=5.0 PV=3.5 seed=20260210 FAIL rmse=0.1694 0.8s
[param_scan] pitch=250 focal=5.0 PV=3.5 seed=20260211 FAIL rmse=0.2185 0.3s
[param_scan] pitch=250 focal=8.0 PV=0.5 seed=20260210 OK rmse=0.0231 1.8s
[param_scan] pitch=250 focal=8.0 PV=0.5 seed=20260211 OK rmse=0.0259 1.1s
[param_scan] pitch=250 focal=8.0 PV=1.5 seed=20260210 OK rmse=0.0717 1.0s
[param_scan] pitch=250 focal=8.0 PV=1.5 seed=20260211 OK rmse=0.0779 0.3s
[param_scan] pitch=250 focal=8.0 PV=2.5 seed=20260210 OK rmse=0.1475 0.9s
[param_scan] pitch=250 focal=8.0 PV=2.5 seed=20260211 OK rmse=0.1390 0.3s
[param_scan] pitch=250 focal=8.0 PV=3.5 seed=20260210 FAIL rmse=0.1750 0.4s
[param_scan] pitch=250 focal=8.0 PV=3.5 seed=20260211 FAIL rmse=0.2058 0.2s
[param_scan] pitch=300 focal=3.0 PV=0.5 seed=20260210 FAIL rmse=1.3752 1.6s
[param_scan] pitch=300 focal=3.0 PV=0.5 seed=20260211 OK rmse=0.0720 1.1s
[param_scan] pitch=300 focal=5.0 PV=0.5 seed=20260210 OK rmse=0.0358 1.5s
[param_scan] pitch=300 focal=5.0 PV=0.5 seed=20260211 OK rmse=0.0680 0.9s
[param_scan] pitch=300 focal=5.0 PV=1.5 seed=20260210 OK rmse=0.0567 0.4s
[param_scan] pitch=300 focal=5.0 PV=1.5 seed=20260211 OK rmse=0.0723 0.3s
[param_scan] pitch=300 focal=5.0 PV=2.5 seed=20260210 OK rmse=0.1249 0.5s
[param_scan] pitch=300 focal=5.0 PV=2.5 seed=20260211 FAIL rmse=0.9770 0.4s
[param_scan] pitch=300 focal=8.0 PV=0.5 seed=20260210 OK rmse=0.0282 1.1s
[param_scan] pitch=300 focal=8.0 PV=0.5 seed=20260211 OK rmse=0.0363 0.7s
[param_scan] pitch=300 focal=8.0 PV=1.5 seed=20260210 OK rmse=0.0761 0.7s
[param_scan] pitch=300 focal=8.0 PV=1.5 seed=20260211 OK rmse=0.0973 0.3s
[param_scan] pitch=300 focal=8.0 PV=2.5 seed=20260210 OK rmse=0.1210 0.4s
[param_scan] pitch=300 focal=8.0 PV=2.5 seed=20260211 OK rmse=0.1436 0.2s
[param_scan] pitch=300 focal=8.0 PV=3.5 seed=20260210 FAIL rmse=0.1704 0.2s
[param_scan] pitch=300 focal=8.0 PV=3.5 seed=20260211 FAIL rmse=0.2018 0.2s

--- Param-Scan Summary (ASM) ---
ASM pitch=100um focal=3.0mm: dr=0.0, sr=0.00, rmse=nan
ASM pitch=100um focal=5.0mm: dr=0.5, sr=0.75, rmse=0.0413
ASM pitch=100um focal=8.0mm: dr=2.5, sr=0.75, rmse=0.0830
ASM pitch=150um focal=3.0mm: dr=0.0, sr=0.00, rmse=nan
ASM pitch=150um focal=5.0mm: dr=2.5, sr=0.75, rmse=0.0772
ASM pitch=150um focal=8.0mm: dr=2.5, sr=0.75, rmse=0.0807
ASM pitch=250um focal=3.0mm: dr=0.5, sr=0.75, rmse=0.0652
ASM pitch=250um focal=5.0mm: dr=2.5, sr=0.75, rmse=0.0818
ASM pitch=250um focal=8.0mm: dr=2.5, sr=0.75, rmse=0.0808
ASM pitch=300um focal=3.0mm: dr=0.0, sr=0.50, rmse=0.0720
ASM pitch=300um focal=5.0mm: dr=1.5, sr=0.83, rmse=0.0715
ASM pitch=300um focal=8.0mm: dr=2.5, sr=0.75, rmse=0.0837

SOLVER=asm rows=68 out=outputs/tables/param_scan_no_oracle_quick_asm_results.csv
STAGE_DONE run_asm config=configs/exp_param_scan_no_oracle_quick.yaml
============================================================
PARAM SCAN SUMMARY
============================================================
Saved: outputs/tables/param_scan_no_oracle_quick_summary.csv

Top-10 parameter pairs by range_gain then asm_dr:
 pitch_um  focal_mm  baseline_sr  baseline_rmse  baseline_dr  baseline_n   asm_sr  asm_rmse  asm_dr  asm_n  delta_sr  rmse_gain  range_gain  pass_14x
    250.0       8.0     0.750000       0.048172          0.5           4 0.750000  0.080838     2.5      8  0.000000  -0.032666    5.000000     False
    300.0       5.0     0.750000       0.042298          0.5           4 0.833333  0.071539     1.5      6  0.083333  -0.029241    3.000000     False
    100.0       8.0     0.833333       0.074696          1.5           6 0.750000  0.082993     2.5      8 -0.083333  -0.008297    1.666667     False
    150.0       5.0     0.833333       0.069441          1.5           6 0.750000  0.077151     2.5      8 -0.083333  -0.007710    1.666667     False
    150.0       8.0     0.833333       0.076875          1.5           6 0.750000  0.080721     2.5      8 -0.083333  -0.003845    1.666667     False
    250.0       5.0     0.833333       0.073627          1.5           6 0.750000  0.081828     2.5      8 -0.083333  -0.008201    1.666667     False
    300.0       8.0     0.750000       0.091023          2.5           8 0.750000  0.083737     2.5      8  0.000000   0.007286    1.000000     False
    100.0       5.0     0.833333       0.062497          1.5           6 0.750000  0.041326     0.5      4 -0.083333   0.021170    0.333333     False
    250.0       3.0     0.833333       0.065359          1.5           6 0.750000  0.065157     0.5      4 -0.083333   0.000202    0.333333     False
    100.0       3.0     0.833333       0.046156          1.5           6 0.000000       NaN     0.0      2 -0.833333        NaN    0.000000     False
STAGE_DONE no_oracle_quick_param
ALL_DONE no_oracle_quick
