STAGE_START no_oracle_quick_dynamic
STAGE_START run_baseline config=configs/exp_dynamic_range_no_oracle_quick.yaml
Baseline PV=0.5: success_rate=1.00
Baseline PV=1.5: success_rate=1.00
Baseline PV=2.5: success_rate=0.80
Baseline PV=3.5: success_rate=0.00
Baseline PV=4.5: success_rate=0.00
Baseline PV=5.5: success_rate=0.00
Baseline PV=6.5: success_rate=0.00
Baseline PV=7.5: success_rate=0.00
Baseline PV=8.5: success_rate=0.00
Baseline PV=9.5: success_rate=0.00
Baseline PV=10.5: success_rate=0.00
Baseline PV=11.5: success_rate=0.00
SOLVER=baseline rows=60 out=outputs/tables/dynamic_range_no_oracle_quick_baseline_results.csv
STAGE_DONE run_baseline config=configs/exp_dynamic_range_no_oracle_quick.yaml
STAGE_START run_asm config=configs/exp_dynamic_range_no_oracle_quick.yaml
[1/60] PV=0.5 seed=20260210 OK rmse=0.0348 14.3s (ETA 14.0min)
[2/60] PV=0.5 seed=20260211 OK rmse=0.0389 11.6s (ETA 12.5min)
[3/60] PV=0.5 seed=20260212 OK rmse=0.0171 13.0s (ETA 12.3min)
[4/60] PV=0.5 seed=20260213 OK rmse=0.0236 12.1s (ETA 11.9min)
[5/60] PV=0.5 seed=20260214 OK rmse=0.0374 10.8s (ETA 11.3min)
[6/60] PV=1.5 seed=20260210 OK rmse=0.0811 9.2s (ETA 10.6min)
[7/60] PV=1.5 seed=20260211 OK rmse=0.0908 7.9s (ETA 9.9min)
[8/60] PV=1.5 seed=20260212 OK rmse=0.0655 9.7s (ETA 9.6min)
[9/60] PV=1.5 seed=20260213 OK rmse=0.0941 11.0s (ETA 9.4min)
[10/60] PV=1.5 seed=20260214 OK rmse=0.0703 9.3s (ETA 9.1min)
[11/60] PV=2.5 seed=20260210 OK rmse=0.1483 10.5s (ETA 8.9min)
[12/60] PV=2.5 seed=20260211 FAIL rmse=0.1524 6.0s (ETA 8.4min)
[13/60] PV=2.5 seed=20260212 OK rmse=0.1253 10.2s (ETA 8.2min)
[14/60] PV=2.5 seed=20260213 OK rmse=0.1365 9.3s (ETA 7.9min)
[15/60] PV=2.5 seed=20260214 OK rmse=0.1198 9.3s (ETA 7.7min)
[16/60] PV=3.5 seed=20260210 FAIL rmse=0.2018 9.8s (ETA 7.5min)
[17/60] PV=3.5 seed=20260211 FAIL rmse=0.2114 2.3s (ETA 7.0min)
[18/60] PV=3.5 seed=20260212 FAIL rmse=0.1754 7.8s (ETA 6.8min)
[19/60] PV=3.5 seed=20260213 FAIL rmse=0.1926 10.4s (ETA 6.6min)
[20/60] PV=3.5 seed=20260214 FAIL rmse=0.1662 4.2s (ETA 6.3min)
[21/60] PV=4.5 seed=20260210 FAIL rmse=0.2636 8.6s (ETA 6.1min)
[22/60] PV=4.5 seed=20260211 FAIL rmse=0.2747 1.6s (ETA 5.7min)
[23/60] PV=4.5 seed=20260212 FAIL rmse=0.2268 6.4s (ETA 5.5min)
[24/60] PV=4.5 seed=20260213 FAIL rmse=0.2514 8.2s (ETA 5.3min)
[25/60] PV=4.5 seed=20260214 FAIL rmse=0.2506 2.6s (ETA 5.0min)
[26/60] PV=5.5 seed=20260210 FAIL rmse=0.3252 3.9s (ETA 4.8min)
[27/60] PV=5.5 seed=20260211 FAIL rmse=0.3756 1.1s (ETA 4.5min)
[28/60] PV=5.5 seed=20260212 FAIL rmse=0.2768 5.5s (ETA 4.3min)
[29/60] PV=5.5 seed=20260213 FAIL rmse=0.3095 5.8s (ETA 4.1min)
[30/60] PV=5.5 seed=20260214 FAIL rmse=0.3369 1.9s (ETA 3.9min)
[31/60] PV=6.5 seed=20260210 FAIL rmse=0.4191 3.0s (ETA 3.7min)
[32/60] PV=6.5 seed=20260211 FAIL rmse=0.3716 0.9s (ETA 3.5min)
[33/60] PV=6.5 seed=20260212 FAIL rmse=0.3377 3.5s (ETA 3.3min)
[34/60] PV=6.5 seed=20260213 FAIL rmse=0.3669 3.8s (ETA 3.1min)
[35/60] PV=6.5 seed=20260214 FAIL rmse=0.3431 1.4s (ETA 2.9min)
[36/60] PV=7.5 seed=20260210 FAIL rmse=0.4442 2.6s (ETA 2.8min)
[37/60] PV=7.5 seed=20260211 FAIL rmse=0.4569 0.9s (ETA 2.6min)
[38/60] PV=7.5 seed=20260212 FAIL rmse=0.3839 3.1s (ETA 2.4min)
[39/60] PV=7.5 seed=20260213 FAIL rmse=0.4192 2.2s (ETA 2.3min)
[40/60] PV=7.5 seed=20260214 FAIL rmse=0.3604 1.1s (ETA 2.1min)
[41/60] PV=8.5 seed=20260210 FAIL rmse=0.6069 2.0s (ETA 2.0min)
[42/60] PV=8.5 seed=20260211 FAIL rmse=0.5524 0.7s (ETA 1.9min)
[43/60] PV=8.5 seed=20260212 FAIL rmse=0.4448 2.1s (ETA 1.7min)
[44/60] PV=8.5 seed=20260213 FAIL rmse=0.5109 1.8s (ETA 1.6min)
[45/60] PV=8.5 seed=20260214 FAIL rmse=0.3649 0.9s (ETA 1.5min)
[46/60] PV=9.5 seed=20260210 FAIL rmse=0.5637 1.6s (ETA 1.3min)
[47/60] PV=9.5 seed=20260211 FAIL rmse=0.5904 0.6s (ETA 1.2min)
[48/60] PV=9.5 seed=20260212 FAIL rmse=0.4782 1.5s (ETA 1.1min)
[49/60] PV=9.5 seed=20260213 FAIL rmse=0.5062 1.6s (ETA 1.0min)
[50/60] PV=9.5 seed=20260214 FAIL rmse=0.4454 0.9s (ETA 0.9min)
[51/60] PV=10.5 seed=20260210 FAIL rmse=0.5988 1.3s (ETA 0.8min)
[52/60] PV=10.5 seed=20260211 FAIL rmse=0.6406 0.6s (ETA 0.7min)
[53/60] PV=10.5 seed=20260212 FAIL rmse=0.5284 1.1s (ETA 0.6min)
[54/60] PV=10.5 seed=20260213 FAIL rmse=0.6251 1.4s (ETA 0.5min)
[55/60] PV=10.5 seed=20260214 FAIL rmse=0.5121 0.8s (ETA 0.4min)
[56/60] PV=11.5 seed=20260210 FAIL rmse=0.6810 1.1s (ETA 0.3min)
[57/60] PV=11.5 seed=20260211 FAIL rmse=0.7014 0.5s (ETA 0.2min)
[58/60] PV=11.5 seed=20260212 FAIL rmse=0.5660 1.1s (ETA 0.2min)
[59/60] PV=11.5 seed=20260213 FAIL rmse=0.6449 1.2s (ETA 0.1min)
[60/60] PV=11.5 seed=20260214 FAIL rmse=0.7633 0.6s (ETA 0.0min)

--- Per-PV Summary ---
ASM PV=0.5: sr=1.00, mean_rmse=0.0303
ASM PV=1.5: sr=1.00, mean_rmse=0.0804
ASM PV=2.5: sr=0.80, mean_rmse=0.1325
ASM PV=3.5: sr=0.00, mean_rmse=nan
ASM PV=4.5: sr=0.00, mean_rmse=nan
ASM PV=5.5: sr=0.00, mean_rmse=nan
ASM PV=6.5: sr=0.00, mean_rmse=nan
ASM PV=7.5: sr=0.00, mean_rmse=nan
ASM PV=8.5: sr=0.00, mean_rmse=nan
ASM PV=9.5: sr=0.00, mean_rmse=nan
ASM PV=10.5: sr=0.00, mean_rmse=nan
ASM PV=11.5: sr=0.00, mean_rmse=nan

SOLVER=asm rows=60 out=outputs/tables/dynamic_range_no_oracle_quick_asm_results.csv
STAGE_DONE run_asm config=configs/exp_dynamic_range_no_oracle_quick.yaml
============================================================
DYNAMIC RANGE EVALUATION
============================================================
Baseline DR:  1.5 waves (PV)
ASM DR:       1.5 waves (PV)
Range Gain:   1.0x
Target:       >= 14.0x
Result:       FAIL
============================================================

Per-PV breakdown:
    PV    BL_SR   ASM_SR    BL_RMSE   ASM_RMSE
--------------------------------------------------
   0.5     1.00     1.00     0.0307     0.0303
   1.5     1.00     1.00     0.0811     0.0804
   2.5     0.80     0.80     0.1319     0.1325
   3.5     0.00     0.00        nan        nan
   4.5     0.00     0.00        nan        nan
   5.5     0.00     0.00        nan        nan
   6.5     0.00     0.00        nan        nan
   7.5     0.00     0.00        nan        nan
   8.5     0.00     0.00        nan        nan
   9.5     0.00     0.00        nan        nan
  10.5     0.00     0.00        nan        nan
  11.5     0.00     0.00        nan        nan

Summary saved to outputs/tables/summary_metrics.csv
STAGE_DONE no_oracle_quick_dynamic
STAGE_START no_oracle_quick_missing
STAGE_START run_baseline config=configs/exp_missing_spot_no_oracle_quick.yaml
Baseline PV=2.0 MR=0.0: sr=1.00
Baseline PV=2.0 MR=0.1: sr=1.00
Baseline PV=2.0 MR=0.3: sr=1.00
Baseline PV=2.0 MR=0.5: sr=0.80
Baseline PV=5.0 MR=0.0: sr=0.00
Baseline PV=5.0 MR=0.1: sr=0.00
Baseline PV=5.0 MR=0.3: sr=0.00
Baseline PV=5.0 MR=0.5: sr=0.00
Baseline PV=8.0 MR=0.0: sr=0.00
Baseline PV=8.0 MR=0.1: sr=0.00
Baseline PV=8.0 MR=0.3: sr=0.00
Baseline PV=8.0 MR=0.5: sr=0.00
Baseline PV=10.0 MR=0.0: sr=0.00
Baseline PV=10.0 MR=0.1: sr=0.00
Baseline PV=10.0 MR=0.3: sr=0.00
Baseline PV=10.0 MR=0.5: sr=0.00
SOLVER=baseline rows=80 out=outputs/tables/missing_spot_no_oracle_quick_baseline_results.csv
STAGE_DONE run_baseline config=configs/exp_missing_spot_no_oracle_quick.yaml
STAGE_START run_asm config=configs/exp_missing_spot_no_oracle_quick.yaml
[1/80] PV=2.0 seed=20260210 OK rmse=0.1083 15.7s (ETA 20.7min)
[2/80] PV=2.0 seed=20260211 OK rmse=0.1222 7.4s (ETA 15.1min)
[3/80] PV=2.0 seed=20260212 OK rmse=0.0932 10.3s (ETA 14.3min)
[4/80] PV=2.0 seed=20260213 OK rmse=0.1135 9.4s (ETA 13.6min)
[5/80] PV=2.0 seed=20260214 OK rmse=0.0969 9.4s (ETA 13.1min)
[6/80] PV=2.0 seed=20260210 OK rmse=0.1122 11.1s (ETA 13.0min)
[7/80] PV=2.0 seed=20260211 OK rmse=0.1218 8.2s (ETA 12.4min)
[8/80] PV=2.0 seed=20260212 OK rmse=0.1003 8.4s (ETA 12.0min)
[9/80] PV=2.0 seed=20260213 OK rmse=0.1161 8.3s (ETA 11.6min)
[10/80] PV=2.0 seed=20260214 OK rmse=0.0965 8.7s (ETA 11.3min)
[11/80] PV=2.0 seed=20260210 OK rmse=0.1183 8.2s (ETA 11.0min)
[12/80] PV=2.0 seed=20260211 OK rmse=0.1320 3.2s (ETA 10.2min)
[13/80] PV=2.0 seed=20260212 OK rmse=0.0985 6.7s (ETA 9.9min)
[14/80] PV=2.0 seed=20260213 OK rmse=0.1132 5.9s (ETA 9.5min)
[15/80] PV=2.0 seed=20260214 OK rmse=0.0988 7.0s (ETA 9.2min)
[16/80] PV=2.0 seed=20260210 OK rmse=0.1147 4.9s (ETA 8.9min)
[17/80] PV=2.0 seed=20260211 FAIL rmse=0.2333 2.2s (ETA 8.3min)
[18/80] PV=2.0 seed=20260212 OK rmse=0.0995 5.0s (ETA 8.0min)
[19/80] PV=2.0 seed=20260213 OK rmse=0.1118 4.4s (ETA 7.7min)
[20/80] PV=2.0 seed=20260214 OK rmse=0.0968 5.9s (ETA 7.5min)
[21/80] PV=5.0 seed=20260210 FAIL rmse=0.2937 7.6s (ETA 7.4min)
[22/80] PV=5.0 seed=20260211 FAIL rmse=0.3025 1.3s (ETA 7.0min)
[23/80] PV=5.0 seed=20260212 FAIL rmse=0.2514 6.0s (ETA 6.8min)
[24/80] PV=5.0 seed=20260213 FAIL rmse=0.2813 6.5s (ETA 6.7min)
[25/80] PV=5.0 seed=20260214 FAIL rmse=0.2624 2.2s (ETA 6.4min)
[26/80] PV=5.0 seed=20260210 FAIL rmse=0.2892 4.3s (ETA 6.2min)
[27/80] PV=5.0 seed=20260211 FAIL rmse=0.3026 1.2s (ETA 5.9min)
[28/80] PV=5.0 seed=20260212 FAIL rmse=0.2526 5.5s (ETA 5.7min)
[29/80] PV=5.0 seed=20260213 FAIL rmse=0.2825 5.0s (ETA 5.6min)
[30/80] PV=5.0 seed=20260214 FAIL rmse=0.2795 2.0s (ETA 5.3min)
[31/80] PV=5.0 seed=20260210 FAIL rmse=0.3085 3.3s (ETA 5.2min)
[32/80] PV=5.0 seed=20260211 FAIL rmse=0.3118 1.1s (ETA 4.9min)
[33/80] PV=5.0 seed=20260212 FAIL rmse=0.2516 4.3s (ETA 4.8min)
[34/80] PV=5.0 seed=20260213 FAIL rmse=0.2814 3.8s (ETA 4.6min)
[35/80] PV=5.0 seed=20260214 FAIL rmse=0.2376 1.6s (ETA 4.4min)
[36/80] PV=5.0 seed=20260210 FAIL rmse=0.3206 2.4s (ETA 4.3min)
[37/80] PV=5.0 seed=20260211 FAIL rmse=0.3118 0.8s (ETA 4.1min)
[38/80] PV=5.0 seed=20260212 FAIL rmse=0.2516 3.3s (ETA 3.9min)
[39/80] PV=5.0 seed=20260213 FAIL rmse=0.2880 2.7s (ETA 3.8min)
[40/80] PV=5.0 seed=20260214 FAIL rmse=0.2376 1.2s (ETA 3.6min)
[41/80] PV=8.0 seed=20260210 FAIL rmse=0.4554 2.2s (ETA 3.5min)
[42/80] PV=8.0 seed=20260211 FAIL rmse=0.4902 0.7s (ETA 3.3min)
[43/80] PV=8.0 seed=20260212 FAIL rmse=0.3751 2.5s (ETA 3.2min)
[44/80] PV=8.0 seed=20260213 FAIL rmse=0.4524 2.0s (ETA 3.1min)
[45/80] PV=8.0 seed=20260214 FAIL rmse=0.3881 1.0s (ETA 2.9min)
[46/80] PV=8.0 seed=20260210 FAIL rmse=0.4554 2.1s (ETA 2.8min)
[47/80] PV=8.0 seed=20260211 FAIL rmse=0.4902 0.6s (ETA 2.7min)
[48/80] PV=8.0 seed=20260212 FAIL rmse=0.3751 2.2s (ETA 2.6min)
[49/80] PV=8.0 seed=20260213 FAIL rmse=0.4331 1.8s (ETA 2.4min)
[50/80] PV=8.0 seed=20260214 FAIL rmse=0.4111 0.9s (ETA 2.3min)
[51/80] PV=8.0 seed=20260210 FAIL rmse=0.4561 1.7s (ETA 2.2min)
[52/80] PV=8.0 seed=20260211 FAIL rmse=0.4902 0.5s (ETA 2.1min)
[53/80] PV=8.0 seed=20260212 FAIL rmse=0.4023 1.8s (ETA 2.0min)
[54/80] PV=8.0 seed=20260213 FAIL rmse=0.4319 1.5s (ETA 1.9min)
[55/80] PV=8.0 seed=20260214 FAIL rmse=0.4110 0.8s (ETA 1.8min)
[56/80] PV=8.0 seed=20260210 FAIL rmse=0.4731 1.3s (ETA 1.7min)
[57/80] PV=8.0 seed=20260211 FAIL rmse=0.4902 0.5s (ETA 1.6min)
[58/80] PV=8.0 seed=20260212 FAIL rmse=0.4027 1.5s (ETA 1.5min)
[59/80] PV=8.0 seed=20260213 FAIL rmse=0.4395 1.2s (ETA 1.4min)
[60/80] PV=8.0 seed=20260214 FAIL rmse=0.3997 0.6s (ETA 1.4min)
[61/80] PV=10.0 seed=20260210 FAIL rmse=0.5719 1.4s (ETA 1.3min)
[62/80] PV=10.0 seed=20260211 FAIL rmse=0.6093 0.6s (ETA 1.2min)
[63/80] PV=10.0 seed=20260212 FAIL rmse=0.4720 1.2s (ETA 1.1min)
[64/80] PV=10.0 seed=20260213 FAIL rmse=0.5520 1.4s (ETA 1.0min)
[65/80] PV=10.0 seed=20260214 FAIL rmse=1.2054 0.7s (ETA 1.0min)
[66/80] PV=10.0 seed=20260210 FAIL rmse=0.5719 1.4s (ETA 0.9min)
[67/80] PV=10.0 seed=20260211 FAIL rmse=0.6093 0.5s (ETA 0.8min)
[68/80] PV=10.0 seed=20260212 FAIL rmse=0.4708 1.2s (ETA 0.7min)
[69/80] PV=10.0 seed=20260213 FAIL rmse=0.6444 1.3s (ETA 0.7min)
[70/80] PV=10.0 seed=20260214 FAIL rmse=1.2063 0.7s (ETA 0.6min)
[71/80] PV=10.0 seed=20260210 FAIL rmse=0.5719 1.1s (ETA 0.5min)
[72/80] PV=10.0 seed=20260211 FAIL rmse=0.6095 0.5s (ETA 0.5min)
[73/80] PV=10.0 seed=20260212 FAIL rmse=0.4707 1.0s (ETA 0.4min)
[74/80] PV=10.0 seed=20260213 FAIL rmse=0.6210 1.1s (ETA 0.3min)
[75/80] PV=10.0 seed=20260214 FAIL rmse=0.4723 0.6s (ETA 0.3min)
[76/80] PV=10.0 seed=20260210 FAIL rmse=0.5718 1.0s (ETA 0.2min)
[77/80] PV=10.0 seed=20260211 FAIL rmse=0.6095 0.5s (ETA 0.2min)
[78/80] PV=10.0 seed=20260212 FAIL rmse=0.4706 0.8s (ETA 0.1min)
[79/80] PV=10.0 seed=20260213 FAIL rmse=0.6212 0.9s (ETA 0.1min)
[80/80] PV=10.0 seed=20260214 FAIL rmse=0.4724 0.5s (ETA 0.0min)

--- Per-PV Summary ---
ASM PV=2.0: sr=0.95, mean_rmse=0.1087
ASM PV=5.0: sr=0.00, mean_rmse=nan
ASM PV=8.0: sr=0.00, mean_rmse=nan
ASM PV=10.0: sr=0.00, mean_rmse=nan

SOLVER=asm rows=80 out=outputs/tables/missing_spot_no_oracle_quick_asm_results.csv
STAGE_DONE run_asm config=configs/exp_missing_spot_no_oracle_quick.yaml
saved outputs/tables/missing_spot_no_oracle_quick_summary_by_ratio.csv
STAGE_DONE no_oracle_quick_missing
STAGE_START no_oracle_quick_param
STAGE_START run_baseline config=configs/exp_param_scan_no_oracle_quick.yaml
Baseline pitch=100um focal=3.0mm: dr=1.5, sr=0.83, rmse=0.0462
Baseline pitch=100um focal=5.0mm: dr=1.5, sr=0.83, rmse=0.0625
Baseline pitch=100um focal=8.0mm: dr=1.5, sr=0.83, rmse=0.0747
Baseline pitch=150um focal=3.0mm: dr=2.5, sr=0.75, rmse=0.0777
Baseline pitch=150um focal=5.0mm: dr=1.5, sr=0.83, rmse=0.0694
Baseline pitch=150um focal=8.0mm: dr=1.5, sr=0.83, rmse=0.0769
Baseline pitch=250um focal=3.0mm: dr=1.5, sr=0.83, rmse=0.0654
Baseline pitch=250um focal=5.0mm: dr=1.5, sr=0.83, rmse=0.0736
Baseline pitch=250um focal=8.0mm: dr=0.5, sr=0.75, rmse=0.0482
Baseline pitch=300um focal=3.0mm: dr=1.5, sr=0.83, rmse=0.0670
Baseline pitch=300um focal=5.0mm: dr=0.5, sr=0.75, rmse=0.0423
Baseline pitch=300um focal=8.0mm: dr=2.5, sr=0.75, rmse=0.0910
SOLVER=baseline rows=72 out=outputs/tables/param_scan_no_oracle_quick_baseline_results.csv
STAGE_DONE run_baseline config=configs/exp_param_scan_no_oracle_quick.yaml
STAGE_START run_asm config=configs/exp_param_scan_no_oracle_quick.yaml
[param_scan] pitch=100 focal=3.0 PV=0.5 seed=20260210 OK rmse=0.0190 61.2s
[param_scan] pitch=100 focal=3.0 PV=0.5 seed=20260211 OK rmse=0.0367 55.3s
[param_scan] pitch=100 focal=3.0 PV=1.5 seed=20260210 OK rmse=0.0435 55.2s
Terminated
Terminated
