STAGE_START no_oracle_quick_core_dynamic
STAGE_START run_baseline config=configs/exp_dynamic_range_no_oracle_quick.yaml
Baseline PV=0.5: success_rate=1.00
Baseline PV=1.5: success_rate=1.00
Baseline PV=2.5: success_rate=0.80
Baseline PV=3.5: success_rate=0.00
Baseline PV=4.5: success_rate=0.00
Baseline PV=5.5: success_rate=0.00
Baseline PV=6.5: success_rate=0.00
Baseline PV=7.5: success_rate=0.00
Baseline PV=8.5: success_rate=0.00
Baseline PV=9.5: success_rate=0.00
Baseline PV=10.5: success_rate=0.00
Baseline PV=11.5: success_rate=0.00
SOLVER=baseline rows=60 out=outputs/tables/dynamic_range_no_oracle_quick_baseline_results.csv
STAGE_DONE run_baseline config=configs/exp_dynamic_range_no_oracle_quick.yaml
STAGE_START run_asm config=configs/exp_dynamic_range_no_oracle_quick.yaml
[1/60] PV=0.5 seed=20260210 OK rmse=0.0553 23.2s (ETA 22.8min)
[2/60] PV=0.5 seed=20260211 OK rmse=0.0407 17.1s (ETA 19.5min)
[3/60] PV=0.5 seed=20260212 OK rmse=0.0168 18.2s (ETA 18.5min)
[4/60] PV=0.5 seed=20260213 OK rmse=0.0235 17.8s (ETA 17.8min)
[5/60] PV=0.5 seed=20260214 OK rmse=0.0401 16.6s (ETA 17.0min)
[6/60] PV=1.5 seed=20260210 OK rmse=0.0553 14.9s (ETA 16.2min)
[7/60] PV=1.5 seed=20260211 OK rmse=0.1191 12.0s (ETA 15.1min)
[8/60] PV=1.5 seed=20260212 OK rmse=0.0515 15.4s (ETA 14.7min)
[9/60] PV=1.5 seed=20260213 OK rmse=0.1483 17.2s (ETA 14.4min)
[10/60] PV=1.5 seed=20260214 OK rmse=0.0959 14.1s (ETA 13.9min)
[11/60] PV=2.5 seed=20260210 OK rmse=0.1036 16.0s (ETA 13.6min)
[12/60] PV=2.5 seed=20260211 OK rmse=0.1197 9.0s (ETA 12.8min)
[13/60] PV=2.5 seed=20260212 OK rmse=0.1414 16.4s (ETA 12.5min)
[14/60] PV=2.5 seed=20260213 FAIL rmse=0.1508 15.0s (ETA 12.2min)
[15/60] PV=2.5 seed=20260214 OK rmse=0.1198 14.2s (ETA 11.9min)
[16/60] PV=3.5 seed=20260210 FAIL rmse=0.2068 13.9s (ETA 11.5min)
[17/60] PV=3.5 seed=20260211 FAIL rmse=0.1980 4.0s (ETA 10.8min)
[18/60] PV=3.5 seed=20260212 FAIL rmse=0.1739 11.7s (ETA 10.4min)
[19/60] PV=3.5 seed=20260213 FAIL rmse=0.1926 14.8s (ETA 10.1min)
[20/60] PV=3.5 seed=20260214 FAIL rmse=0.1783 7.2s (ETA 9.6min)
[21/60] PV=4.5 seed=20260210 FAIL rmse=0.2203 12.1s (ETA 9.3min)
[22/60] PV=4.5 seed=20260211 FAIL rmse=0.2600 2.9s (ETA 8.7min)
[23/60] PV=4.5 seed=20260212 FAIL rmse=0.2505 9.7s (ETA 8.4min)
[24/60] PV=4.5 seed=20260213 FAIL rmse=0.2703 12.4s (ETA 8.1min)
[25/60] PV=4.5 seed=20260214 FAIL rmse=0.2107 4.6s (ETA 7.7min)
[26/60] PV=5.5 seed=20260210 FAIL rmse=0.3655 6.6s (ETA 7.3min)
[27/60] PV=5.5 seed=20260211 FAIL rmse=0.3204 2.4s (ETA 6.9min)
[28/60] PV=5.5 seed=20260212 FAIL rmse=0.2710 9.6s (ETA 6.7min)
Terminated
